<?xml version="1.0" encoding="UTF-8"?>
<!-- Generated by org.testng.reporters.JUnitXMLReporter -->
<testsuite hostname="DESKTOP-AERB1BB" ignored="0" name="Test" tests="4" failures="0" timestamp="2020-04-18T10:16:14 ICT" time="44.927" errors="0">
  <testcase name="homePageNavigation" time="11.472" classname="Ngoc.HomePage"/>
  <testcase name="homePageNavigation" time="7.856" classname="Ngoc.HomePage"/>
  <testcase name="homePageNavigation" time="7.651" classname="Ngoc.ValidateTitle"/>
  <testcase name="homePageNavigation" time="0.089" classname="Ngoc.ValidateNaBar"/>
</testsuite> <!-- Test -->
