<?xml version="1.0" encoding="UTF-8"?>
<!-- Generated by org.testng.reporters.JUnitXMLReporter -->
<testsuite hostname="DESKTOP-AERB1BB" ignored="0" name="Test" tests="4" failures="0" timestamp="2020-04-17T22:59:29 ICT" time="44.233" errors="0">
  <testcase name="homePageNavigation" time="11.236" classname="Ngoc.HomePage"/>
  <testcase name="homePageNavigation" time="7.246" classname="Ngoc.HomePage"/>
  <testcase name="homePageNavigation" time="7.895" classname="Ngoc.ValidateTitle"/>
  <testcase name="homePageNavigation" time="0.066" classname="Ngoc.ValidateNaBar"/>
</testsuite> <!-- Test -->
