<?xml version="1.0" encoding="UTF-8"?>
<testng-results skipped="0" failed="0" ignored="0" total="4" passed="4">
  <reporter-output>
  </reporter-output>
  <suite name="Suite" duration-ms="43930" started-at="2020-04-18T12:21:00 ICT" finished-at="2020-04-18T12:21:44 ICT">
    <groups>
    </groups>
    <test name="HomePage" duration-ms="28450" started-at="2020-04-18T12:21:00 ICT" finished-at="2020-04-18T12:21:29 ICT">
      <class name="Ngoc.HomePage">
        <test-method status="PASS" signature="initialize()[pri:0, instance:Ngoc.HomePage@74fe5c40]" name="initialize" is-config="true" duration-ms="5979" started-at="2020-04-18T12:21:00 ICT" finished-at="2020-04-18T12:21:06 ICT">
          <reporter-output>
          </reporter-output>
        </test-method> <!-- initialize -->
        <test-method status="PASS" signature="homePageNavigation(java.lang.String, java.lang.String, java.lang.String)[pri:0, instance:Ngoc.HomePage@74fe5c40]" name="homePageNavigation" duration-ms="10999" started-at="2020-04-18T12:21:06 ICT" data-provider="getData" finished-at="2020-04-18T12:21:17 ICT">
          <params>
            <param index="0">
              <value>
                <![CDATA[ngochiu@gmail.com]]>
              </value>
            </param>
            <param index="1">
              <value>
                <![CDATA[12345cogN]]>
              </value>
            </param>
            <param index="2">
              <value>
                <![CDATA[restricted user]]>
              </value>
            </param>
          </params>
          <reporter-output>
          </reporter-output>
        </test-method> <!-- homePageNavigation -->
        <test-method status="PASS" signature="homePageNavigation(java.lang.String, java.lang.String, java.lang.String)[pri:0, instance:Ngoc.HomePage@74fe5c40]" name="homePageNavigation" duration-ms="7069" started-at="2020-04-18T12:21:17 ICT" data-provider="getData" finished-at="2020-04-18T12:21:24 ICT">
          <params>
            <param index="0">
              <value>
                <![CDATA[hieu@gmail.com]]>
              </value>
            </param>
            <param index="1">
              <value>
                <![CDATA[12345Hieu]]>
              </value>
            </param>
            <param index="2">
              <value>
                <![CDATA[ Non restricted user]]>
              </value>
            </param>
          </params>
          <reporter-output>
          </reporter-output>
        </test-method> <!-- homePageNavigation -->
        <test-method status="PASS" signature="teardown()[pri:0, instance:Ngoc.HomePage@74fe5c40]" name="teardown" is-config="true" duration-ms="4357" started-at="2020-04-18T12:21:24 ICT" finished-at="2020-04-18T12:21:29 ICT">
          <reporter-output>
          </reporter-output>
        </test-method> <!-- teardown -->
      </class> <!-- Ngoc.HomePage -->
    </test> <!-- HomePage -->
    <test name="ValidateTitle" duration-ms="7483" started-at="2020-04-18T12:21:29 ICT" finished-at="2020-04-18T12:21:36 ICT">
      <class name="Ngoc.ValidateTitle">
        <test-method status="PASS" signature="homePageNavigation()[pri:0, instance:Ngoc.ValidateTitle@3349e9bb]" name="homePageNavigation" duration-ms="7413" started-at="2020-04-18T12:21:29 ICT" finished-at="2020-04-18T12:21:36 ICT">
          <reporter-output>
          </reporter-output>
        </test-method> <!-- homePageNavigation -->
        <test-method status="PASS" signature="teardown()[pri:0, instance:Ngoc.ValidateTitle@3349e9bb]" name="teardown" is-config="true" duration-ms="66" started-at="2020-04-18T12:21:36 ICT" finished-at="2020-04-18T12:21:36 ICT">
          <reporter-output>
          </reporter-output>
        </test-method> <!-- teardown -->
      </class> <!-- Ngoc.ValidateTitle -->
    </test> <!-- ValidateTitle -->
    <test name="ValidateNaBar" duration-ms="7932" started-at="2020-04-18T12:21:36 ICT" finished-at="2020-04-18T12:21:44 ICT">
      <class name="Ngoc.ValidateNaBar">
        <test-method status="PASS" signature="initialize()[pri:0, instance:Ngoc.ValidateNaBar@689604d9]" name="initialize" is-config="true" duration-ms="7796" started-at="2020-04-18T12:21:36 ICT" finished-at="2020-04-18T12:21:44 ICT">
          <reporter-output>
          </reporter-output>
        </test-method> <!-- initialize -->
        <test-method status="PASS" signature="homePageNavigation()[pri:0, instance:Ngoc.ValidateNaBar@689604d9]" name="homePageNavigation" duration-ms="72" started-at="2020-04-18T12:21:44 ICT" finished-at="2020-04-18T12:21:44 ICT">
          <reporter-output>
          </reporter-output>
        </test-method> <!-- homePageNavigation -->
        <test-method status="PASS" signature="teardown()[pri:0, instance:Ngoc.ValidateNaBar@689604d9]" name="teardown" is-config="true" duration-ms="61" started-at="2020-04-18T12:21:44 ICT" finished-at="2020-04-18T12:21:44 ICT">
          <reporter-output>
          </reporter-output>
        </test-method> <!-- teardown -->
      </class> <!-- Ngoc.ValidateNaBar -->
    </test> <!-- ValidateNaBar -->
  </suite> <!-- Suite -->
</testng-results>
